Token Type: KEYWORD
Value: PROGRAM
Token Type: IDENTIFIER
Value: loop
Token Type: NEWLINE
Value: 

Token Type: KEYWORD
Value: BEGIN
Token Type: KEYWORD
Value: STRING
Token Type: IDENTIFIER
Value: guess
Token Type: OPERATOR
Value: :=
Token Type: STRLITERAL
Value: "Guess a number: "
Token Type: OPERATOR
Value: ;
Token Type: KEYWORD
Value: STRING
Token Type: IDENTIFIER
Value: correct
Token Type: OPERATOR
Value: :=
Token Type: IDENTIFIER
Value: n
Token Type: KEYWORD
Value: STRING
Token Type: IDENTIFIER
Value: wrong
Token Type: OPERATOR
Value: :=
Token Type: IDENTIFIER
Value: n
Token Type: KEYWORD
Value: STRING
Token Type: IDENTIFIER
Value: out1
Token Type: OPERATOR
Value: :=
Token Type: STRLITERAL
Value: "It took you "
Token Type: OPERATOR
Value: ;
Token Type: KEYWORD
Value: STRING
Token Type: IDENTIFIER
Value: out2
Token Type: OPERATOR
Value: :=
Token Type: STRLITERAL
Value: " guesses"
Token Type: OPERATOR
Value: ;
Token Type: KEYWORD
Value: INT
Token Type: IDENTIFIER
Value: i
Token Type: OPERATOR
Value: ;
Token Type: KEYWORD
Value: INT
Token Type: IDENTIFIER
Value: j
Token Type: OPERATOR
Value: ;
Token Type: KEYWORD
Value: FUNCTION
Token Type: KEYWORD
Value: VOID
Token Type: IDENTIFIER
Value: main
Token Type: OPERATOR
Value: (
Token Type: OPERATOR
Value: )
Token Type: KEYWORD
Value: BEGIN
Token Type: IDENTIFIER
Value: i
Token Type: OPERATOR
Value: :=
Token Type: FLOATLITERAL
Value:  17
Token Type: OPERATOR
Value: ;
Token Type: IDENTIFIER
Value: j
Token Type: OPERATOR
Value: :=
Token Type: FLOATLITERAL
Value:  0
Token Type: OPERATOR
Value: ;
Token Type: IDENTIFIER
Value: k
Token Type: OPERATOR
Value: :=
Token Type: FLOATLITERAL
Value:  0
Token Type: OPERATOR
Value: ;
Token Type: KEYWORD
Value: WHILE
Token Type: OPERATOR
Value: (
Token Type: IDENTIFIER
Value: i
Token Type: null
Value: !=
Token Type: IDENTIFIER
Value: j
Token Type: OPERATOR
Value: )
Token Type: KEYWORD
Value: WRITE
Token Type: OPERATOR
Value: (
Token Type: IDENTIFIER
Value: guess
Token Type: OPERATOR
Value: )
Token Type: OPERATOR
Value: ;
Token Type: KEYWORD
Value: READ
Token Type: OPERATOR
Value: (
Token Type: IDENTIFIER
Value: j
Token Type: OPERATOR
Value: )
Token Type: OPERATOR
Value: ;
Token Type: IDENTIFIER
Value: k
Token Type: OPERATOR
Value: :=
Token Type: IDENTIFIER
Value: k
Token Type: null
Value: +
Token Type: FLOATLITERAL
Value:  1
Token Type: OPERATOR
Value: ;
Token Type: KEYWORD
Value: IF
Token Type: OPERATOR
Value: (
Token Type: IDENTIFIER
Value: i
Token Type: null
Value: =
Token Type: IDENTIFIER
Value: j
Token Type: OPERATOR
Value: )
Token Type: KEYWORD
Value: WRITE
Token Type: OPERATOR
Value: (
Token Type: IDENTIFIER
Value: correct
Token Type: OPERATOR
Value: )
Token Type: OPERATOR
Value: ;
Token Type: KEYWORD
Value: ELSE
Token Type: KEYWORD
Value: WRITE
Token Type: OPERATOR
Value: (
Token Type: IDENTIFIER
Value: wrong
Token Type: OPERATOR
Value: )
Token Type: OPERATOR
Value: ;
Token Type: KEYWORD
Value: ENDIF
Token Type: KEYWORD
Value: ENDWHILE
Token Type: KEYWORD
Value: WRITE
Token Type: OPERATOR
Value: (
Token Type: IDENTIFIER
Value: out1
Token Type: null
Value: ,
Token Type: IDENTIFIER
Value: k
Token Type: null
Value: ,
Token Type: IDENTIFIER
Value: out2
Token Type: OPERATOR
Value: )
Token Type: OPERATOR
Value: ;
Token Type: KEYWORD
Value: END
Token Type: NEWLINE
Value: 

Token Type: KEYWORD
Value: END
Token Type: NEWLINE
Value: 

