Token Type: KEYWORD
Value: PROGRAM
Token Type: IDENTIFIER
Value: sqrt
Token Type: KEYWORD
Value: BEGIN
Token Type: KEYWORD
Value: STRING
Token Type: IDENTIFIER
Value: dummy
Token Type: OPERATOR
Value: :=
Token Type: STRINGLITERAL
Value: "abcde"
Token Type: OPERATOR
Value: ;
Token Type: KEYWORD
Value: INT
Token Type: IDENTIFIER
Value: i
Token Type: null
Value: ,
Token Type: IDENTIFIER
Value: j
Token Type: null
Value: ,
Token Type: IDENTIFIER
Value: k
Token Type: OPERATOR
Value: ;
Token Type: KEYWORD
Value: FUNCTION
Token Type: KEYWORD
Value: VOID
Token Type: IDENTIFIER
Value: main
Token Type: OPERATOR
Value: (
Token Type: OPERATOR
Value: )
Token Type: KEYWORD
Value: BEGIN
Token Type: IDENTIFIER
Value: i
Token Type: OPERATOR
Value: :=
Token Type: FLOATLITERAL
Value:  0
Token Type: OPERATOR
Value: ;
Token Type: IDENTIFIER
Value: j
Token Type: OPERATOR
Value: :=
Token Type: FLOATLITERAL
Value:  0
Token Type: OPERATOR
Value: ;
Token Type: IDENTIFIER
Value: k
Token Type: OPERATOR
Value: :=
Token Type: FLOATLITERAL
Value:  0
Token Type: OPERATOR
Value: ;
Token Type: IDENTIFIER
Value: result
Token Type: OPERATOR
Value: :=
Token Type: FLOATLITERAL
Value:  0
Token Type: OPERATOR
Value: ;
Token Type: KEYWORD
Value: WHILE
Token Type: OPERATOR
Value: (
Token Type: IDENTIFIER
Value: i
Token Type: null
Value: <=
Token Type: FLOATLITERAL
Value:  99
Token Type: OPERATOR
Value: )
Token Type: IDENTIFIER
Value: i
Token Type: OPERATOR
Value: :=
Token Type: IDENTIFIER
Value: i
Token Type: null
Value: +
Token Type: FLOATLITERAL
Value:  1
Token Type: OPERATOR
Value: ;
Token Type: KEYWORD
Value: WHILE
Token Type: OPERATOR
Value: (
Token Type: IDENTIFIER
Value: j
Token Type: null
Value: <=
Token Type: FLOATLITERAL
Value:  99
Token Type: OPERATOR
Value: )
Token Type: IDENTIFIER
Value: j
Token Type: OPERATOR
Value: :=
Token Type: IDENTIFIER
Value: j
Token Type: null
Value: +
Token Type: FLOATLITERAL
Value:  1
Token Type: OPERATOR
Value: ;
Token Type: KEYWORD
Value: WHILE
Token Type: OPERATOR
Value: (
Token Type: IDENTIFIER
Value: k
Token Type: null
Value: <
Token Type: FLOATLITERAL
Value:  100
Token Type: OPERATOR
Value: )
Token Type: IDENTIFIER
Value: k
Token Type: OPERATOR
Value: :=
Token Type: IDENTIFIER
Value: k
Token Type: null
Value: +
Token Type: FLOATLITERAL
Value:  1
Token Type: OPERATOR
Value: ;
Token Type: IDENTIFIER
Value: result
Token Type: OPERATOR
Value: :=
Token Type: IDENTIFIER
Value: result
Token Type: null
Value: +
Token Type: FLOATLITERAL
Value:  1
Token Type: OPERATOR
Value: ;
Token Type: KEYWORD
Value: ENDWHILE
Token Type: KEYWORD
Value: ENDWHILE
Token Type: KEYWORD
Value: ENDWHILE
Token Type: KEYWORD
Value: WRITE
Token Type: OPERATOR
Value: (
Token Type: IDENTIFIER
Value: result
Token Type: OPERATOR
Value: )
Token Type: OPERATOR
Value: ;
Token Type: KEYWORD
Value: END
Token Type: KEYWORD
Value: END
